# JRE version: Java(TM) SE Runtime Environment (21.0.10+8) (build 21.0.10+8-LTS-217)
# Java VM: Java HotSpot(TM) 64-Bit Server VM (21.0.10+8-LTS-217, mixed mode, emulated-client, sharing, tiered, compressed oops, compressed class ptrs, g1 gc, windows-amd64)
GC Precious Log:
 CardTable entry size: 512
 Card Set container configuration: InlinePtr #cards 5 size 8 Array Of Cards #cards 12 size 40 Howl #buckets 4 coarsen threshold 1843 Howl Bitmap #cards 512 size 80 coarsen threshold 460 Card regions per heap region 1 cards per card region 2048
 CPUs: 12 total, 12 available
 Memory: 5989M
 Large Page Support: Disabled
 NUMA Support: Disabled
 Compressed Oops: Enabled (32-bit)
 Heap Region Size: 1M
 Heap Min Capacity: 8M
 Heap Initial Capacity: 94M
 Heap Max Capacity: 1498M
 Pre-touch: Disabled
 Parallel Workers: 10
 Concurrent Workers: 3
 Concurrent Refinement Workers: 10
 Periodic GC: Disabled
Heap:
 garbage-first heap   total 91136K, used 74089K [0x00000000a2600000, 0x0000000100000000)
  region size 1024K, 47 young (48128K), 1 survivors (1024K)
 Metaspace       used 72847K, committed 73536K, reserved 1114112K
  class space    used 10400K, committed 10688K, reserved 1048576K
GC Heap History (20 events):
Event: 12582.139 GC heap after
{Heap after GC invocations=83 (full 0):
 garbage-first heap   total 75776K, used 27986K [0x00000000a2600000, 0x0000000100000000)
  region size 1024K, 1 young (1024K), 1 survivors (1024K)
 Metaspace       used 72683K, committed 73408K, reserved 1114112K
  class space    used 10359K, committed 10688K, reserved 1048576K
}
Event: 12928.301 GC heap before
{Heap before GC invocations=83 (full 0):
 garbage-first heap   total 75776K, used 68946K [0x00000000a2600000, 0x0000000100000000)
  region size 1024K, 41 young (41984K), 1 survivors (1024K)
 Metaspace       used 72683K, committed 73408K, reserved 1114112K
  class space    used 10359K, committed 10688K, reserved 1048576K
}
Event: 12928.304 GC heap after
{Heap after GC invocations=84 (full 0):
 garbage-first heap   total 75776K, used 27986K [0x00000000a2600000, 0x0000000100000000)
  region size 1024K, 1 young (1024K), 1 survivors (1024K)
 Metaspace       used 72683K, committed 73408K, reserved 1114112K
  class space    used 10359K, committed 10688K, reserved 1048576K
}
Event: 13279.263 GC heap before
{Heap before GC invocations=85 (full 0):
 garbage-first heap   total 75776K, used 68946K [0x00000000a2600000, 0x0000000100000000)
  region size 1024K, 41 young (41984K), 1 survivors (1024K)
 Metaspace       used 72683K, committed 73408K, reserved 1114112K
  class space    used 10359K, committed 10688K, reserved 1048576K
}
Event: 13279.264 GC heap after
{Heap after GC invocations=86 (full 0):
 garbage-first heap   total 75776K, used 27929K [0x00000000a2600000, 0x0000000100000000)
  region size 1024K, 1 young (1024K), 1 survivors (1024K)
 Metaspace       used 72683K, committed 73408K, reserved 1114112K
  class space    used 10359K, committed 10688K, reserved 1048576K
}
Event: 13630.494 GC heap before
{Heap before GC invocations=86 (full 0):
 garbage-first heap   total 75776K, used 68889K [0x00000000a2600000, 0x0000000100000000)
  region size 1024K, 41 young (41984K), 1 survivors (1024K)
 Metaspace       used 72683K, committed 73408K, reserved 1114112K
  class space    used 10359K, committed 10688K, reserved 1048576K
}
Event: 13630.496 GC heap after
{Heap after GC invocations=87 (full 0):
 garbage-first heap   total 75776K, used 27919K [0x00000000a2600000, 0x0000000100000000)
  region size 1024K, 1 young (1024K), 1 survivors (1024K)
 Metaspace       used 72683K, committed 73408K, reserved 1114112K
  class space    used 10359K, committed 10688K, reserved 1048576K
}
Event: 13977.850 GC heap before
{Heap before GC invocations=88 (full 0):
 garbage-first heap   total 75776K, used 68879K [0x00000000a2600000, 0x0000000100000000)
  region size 1024K, 41 young (41984K), 1 survivors (1024K)
 Metaspace       used 72683K, committed 73408K, reserved 1114112K
  class space    used 10359K, committed 10688K, reserved 1048576K
}
Event: 13977.853 GC heap after
{Heap after GC invocations=89 (full 0):
 garbage-first heap   total 91136K, used 27950K [0x00000000a2600000, 0x0000000100000000)
  region size 1024K, 1 young (1024K), 1 survivors (1024K)
 Metaspace       used 72683K, committed 73408K, reserved 1114112K
  class space    used 10359K, committed 10688K, reserved 1048576K
}
Event: 14426.498 GC heap before
{Heap before GC invocations=89 (full 0):
 garbage-first heap   total 91136K, used 81198K [0x00000000a2600000, 0x0000000100000000)
  region size 1024K, 53 young (54272K), 1 survivors (1024K)
 Metaspace       used 72683K, committed 73408K, reserved 1114112K
  class space    used 10359K, committed 10688K, reserved 1048576K
}
Event: 14426.502 GC heap after
{Heap after GC invocations=90 (full 0):
 garbage-first heap   total 91136K, used 28023K [0x00000000a2600000, 0x0000000100000000)
  region size 1024K, 1 young (1024K), 1 survivors (1024K)
 Metaspace       used 72683K, committed 73408K, reserved 1114112K
  class space    used 10359K, committed 10688K, reserved 1048576K
}
Event: 14878.766 GC heap before
{Heap before GC invocations=91 (full 0):
 garbage-first heap   total 91136K, used 81271K [0x00000000a2600000, 0x0000000100000000)
  region size 1024K, 53 young (54272K), 1 survivors (1024K)
 Metaspace       used 72683K, committed 73408K, reserved 1114112K
  class space    used 10359K, committed 10688K, reserved 1048576K
}
Event: 14878.770 GC heap after
{Heap after GC invocations=92 (full 0):
 garbage-first heap   total 91136K, used 28041K [0x00000000a2600000, 0x0000000100000000)
  region size 1024K, 1 young (1024K), 1 survivors (1024K)
 Metaspace       used 72683K, committed 73408K, reserved 1114112K
  class space    used 10359K, committed 10688K, reserved 1048576K
}
Event: 15329.299 GC heap before
{Heap before GC invocations=92 (full 0):
 garbage-first heap   total 91136K, used 81289K [0x00000000a2600000, 0x0000000100000000)
  region size 1024K, 53 young (54272K), 1 survivors (1024K)
 Metaspace       used 72683K, committed 73408K, reserved 1114112K
  class space    used 10359K, committed 10688K, reserved 1048576K
}
Event: 15329.301 GC heap after
{Heap after GC invocations=93 (full 0):
 garbage-first heap   total 91136K, used 28135K [0x00000000a2600000, 0x0000000100000000)
  region size 1024K, 1 young (1024K), 1 survivors (1024K)
 Metaspace       used 72683K, committed 73408K, reserved 1114112K
  class space    used 10359K, committed 10688K, reserved 1048576K
}
Event: 15777.090 GC heap before
{Heap before GC invocations=94 (full 0):
 garbage-first heap   total 91136K, used 81383K [0x00000000a2600000, 0x0000000100000000)
  region size 1024K, 53 young (54272K), 1 survivors (1024K)
 Metaspace       used 72683K, committed 73408K, reserved 1114112K
  class space    used 10359K, committed 10688K, reserved 1048576K
}
Event: 15777.092 GC heap after
{Heap after GC invocations=95 (full 0):
 garbage-first heap   total 91136K, used 28061K [0x00000000a2600000, 0x0000000100000000)
  region size 1024K, 1 young (1024K), 1 survivors (1024K)
 Metaspace       used 72683K, committed 73408K, reserved 1114112K
  class space    used 10359K, committed 10688K, reserved 1048576K
}
Event: 16226.488 GC heap before
{Heap before GC invocations=95 (full 0):
 garbage-first heap   total 91136K, used 81309K [0x00000000a2600000, 0x0000000100000000)
  region size 1024K, 53 young (54272K), 1 survivors (1024K)
 Metaspace       used 72683K, committed 73408K, reserved 1114112K
  class space    used 10359K, committed 10688K, reserved 1048576K
}
Event: 16226.491 GC heap after
{Heap after GC invocations=96 (full 0):
 garbage-first heap   total 91136K, used 28009K [0x00000000a2600000, 0x0000000100000000)
  region size 1024K, 1 young (1024K), 1 survivors (1024K)
 Metaspace       used 72683K, committed 73408K, reserved 1114112K
  class space    used 10359K, committed 10688K, reserved 1048576K
}
Event: 16601.748 GC heap before
{Heap before GC invocations=97 (full 0):
 garbage-first heap   total 91136K, used 74089K [0x00000000a2600000, 0x0000000100000000)
  region size 1024K, 47 young (48128K), 1 survivors (1024K)
 Metaspace       used 72847K, committed 73536K, reserved 1114112K
  class space    used 10400K, committed 10688K, reserved 1048576K
}

