# JRE version: Java(TM) SE Runtime Environment (21.0.10+8) (build 21.0.10+8-LTS-217)
# Java VM: Java HotSpot(TM) 64-Bit Server VM (21.0.10+8-LTS-217, mixed mode, emulated-client, sharing, tiered, compressed oops, compressed class ptrs, g1 gc, windows-amd64)
GC Precious Log:
 CardTable entry size: 512
 Card Set container configuration: InlinePtr #cards 5 size 8 Array Of Cards #cards 12 size 40 Howl #buckets 4 coarsen threshold 1843 Howl Bitmap #cards 512 size 80 coarsen threshold 460 Card regions per heap region 1 cards per card region 2048
 CPUs: 12 total, 12 available
 Memory: 7013M
 Large Page Support: Disabled
 NUMA Support: Disabled
 Compressed Oops: Enabled (32-bit)
 Heap Region Size: 1M
 Heap Min Capacity: 8M
 Heap Initial Capacity: 110M
 Heap Max Capacity: 1754M
 Pre-touch: Disabled
 Parallel Workers: 10
 Concurrent Workers: 3
 Concurrent Refinement Workers: 10
 Periodic GC: Disabled
Heap:
 garbage-first heap   total 83968K, used 61440K [0x0000000092600000, 0x0000000100000000)
  region size 1024K, 39 young (39936K), 7 survivors (7168K)
 Metaspace       used 67220K, committed 68032K, reserved 1114112K
  class space    used 9601K, committed 9984K, reserved 1048576K
GC Heap History (20 events):
Event: 1.228 GC heap after
{Heap after GC invocations=1 (full 0):
 garbage-first heap   total 112640K, used 7448K [0x0000000092600000, 0x0000000100000000)
  region size 1024K, 3 young (3072K), 3 survivors (3072K)
 Metaspace       used 4835K, committed 5056K, reserved 1114112K
  class space    used 625K, committed 704K, reserved 1048576K
}
Event: 2.065 GC heap before
{Heap before GC invocations=1 (full 0):
 garbage-first heap   total 112640K, used 37144K [0x0000000092600000, 0x0000000100000000)
  region size 1024K, 33 young (33792K), 3 survivors (3072K)
 Metaspace       used 12360K, committed 12800K, reserved 1114112K
  class space    used 1700K, committed 1920K, reserved 1048576K
}
Event: 2.072 GC heap after
{Heap after GC invocations=2 (full 0):
 garbage-first heap   total 112640K, used 10418K [0x0000000092600000, 0x0000000100000000)
  region size 1024K, 3 young (3072K), 3 survivors (3072K)
 Metaspace       used 12360K, committed 12800K, reserved 1114112K
  class space    used 1700K, committed 1920K, reserved 1048576K
}
Event: 2.788 GC heap before
{Heap before GC invocations=2 (full 0):
 garbage-first heap   total 112640K, used 49330K [0x0000000092600000, 0x0000000100000000)
  region size 1024K, 43 young (44032K), 3 survivors (3072K)
 Metaspace       used 19958K, committed 20416K, reserved 1114112K
  class space    used 2688K, committed 2880K, reserved 1048576K
}
Event: 2.796 GC heap after
{Heap after GC invocations=3 (full 0):
 garbage-first heap   total 112640K, used 14509K [0x0000000092600000, 0x0000000100000000)
  region size 1024K, 7 young (7168K), 7 survivors (7168K)
 Metaspace       used 19958K, committed 20416K, reserved 1114112K
  class space    used 2688K, committed 2880K, reserved 1048576K
}
Event: 3.662 GC heap before
{Heap before GC invocations=4 (full 0):
 garbage-first heap   total 55296K, used 54445K [0x0000000092600000, 0x0000000100000000)
  region size 1024K, 46 young (47104K), 7 survivors (7168K)
 Metaspace       used 25352K, committed 25984K, reserved 1114112K
  class space    used 3555K, committed 3840K, reserved 1048576K
}
Event: 3.676 GC heap after
{Heap after GC invocations=5 (full 0):
 garbage-first heap   total 66560K, used 18245K [0x0000000092600000, 0x0000000100000000)
  region size 1024K, 8 young (8192K), 8 survivors (8192K)
 Metaspace       used 25352K, committed 25984K, reserved 1114112K
  class space    used 3555K, committed 3840K, reserved 1048576K
}
Event: 4.518 GC heap before
{Heap before GC invocations=5 (full 0):
 garbage-first heap   total 66560K, used 49989K [0x0000000092600000, 0x0000000100000000)
  region size 1024K, 39 young (39936K), 8 survivors (8192K)
 Metaspace       used 31720K, committed 32320K, reserved 1114112K
  class space    used 4328K, committed 4608K, reserved 1048576K
}
Event: 4.528 GC heap after
{Heap after GC invocations=6 (full 0):
 garbage-first heap   total 66560K, used 21060K [0x0000000092600000, 0x0000000100000000)
  region size 1024K, 4 young (4096K), 4 survivors (4096K)
 Metaspace       used 31720K, committed 32320K, reserved 1114112K
  class space    used 4328K, committed 4608K, reserved 1048576K
}
Event: 4.651 GC heap before
{Heap before GC invocations=6 (full 0):
 garbage-first heap   total 66560K, used 26180K [0x0000000092600000, 0x0000000100000000)
  region size 1024K, 10 young (10240K), 4 survivors (4096K)
 Metaspace       used 33471K, committed 34048K, reserved 1114112K
  class space    used 4649K, committed 4928K, reserved 1048576K
}
Event: 4.656 GC heap after
{Heap after GC invocations=7 (full 0):
 garbage-first heap   total 66560K, used 20469K [0x0000000092600000, 0x0000000100000000)
  region size 1024K, 3 young (3072K), 3 survivors (3072K)
 Metaspace       used 33471K, committed 34048K, reserved 1114112K
  class space    used 4649K, committed 4928K, reserved 1048576K
}
Event: 5.495 GC heap before
{Heap before GC invocations=8 (full 0):
 garbage-first heap   total 66560K, used 55285K [0x0000000092600000, 0x0000000100000000)
  region size 1024K, 37 young (37888K), 3 survivors (3072K)
 Metaspace       used 41924K, committed 42560K, reserved 1114112K
  class space    used 5961K, committed 6272K, reserved 1048576K
}
Event: 5.501 GC heap after
{Heap after GC invocations=9 (full 0):
 garbage-first heap   total 83968K, used 23883K [0x0000000092600000, 0x0000000100000000)
  region size 1024K, 4 young (4096K), 4 survivors (4096K)
 Metaspace       used 41924K, committed 42560K, reserved 1114112K
  class space    used 5961K, committed 6272K, reserved 1048576K
}
Event: 6.654 GC heap before
{Heap before GC invocations=9 (full 0):
 garbage-first heap   total 83968K, used 68939K [0x0000000092600000, 0x0000000100000000)
  region size 1024K, 49 young (50176K), 4 survivors (4096K)
 Metaspace       used 53687K, committed 54400K, reserved 1114112K
  class space    used 7672K, committed 8000K, reserved 1048576K
}
Event: 6.659 GC heap after
{Heap after GC invocations=10 (full 0):
 garbage-first heap   total 83968K, used 26014K [0x0000000092600000, 0x0000000100000000)
  region size 1024K, 6 young (6144K), 6 survivors (6144K)
 Metaspace       used 53687K, committed 54400K, reserved 1114112K
  class space    used 7672K, committed 8000K, reserved 1048576K
}
Event: 6.924 GC heap before
{Heap before GC invocations=10 (full 0):
 garbage-first heap   total 83968K, used 35230K [0x0000000092600000, 0x0000000100000000)
  region size 1024K, 16 young (16384K), 6 survivors (6144K)
 Metaspace       used 56450K, committed 57088K, reserved 1114112K
  class space    used 8083K, committed 8384K, reserved 1048576K
}
Event: 6.930 GC heap after
{Heap after GC invocations=11 (full 0):
 garbage-first heap   total 83968K, used 26544K [0x0000000092600000, 0x0000000100000000)
  region size 1024K, 3 young (3072K), 3 survivors (3072K)
 Metaspace       used 56450K, committed 57088K, reserved 1114112K
  class space    used 8083K, committed 8384K, reserved 1048576K
}
Event: 8.007 GC heap before
{Heap before GC invocations=12 (full 0):
 garbage-first heap   total 83968K, used 73648K [0x0000000092600000, 0x0000000100000000)
  region size 1024K, 49 young (50176K), 3 survivors (3072K)
 Metaspace       used 62679K, committed 63424K, reserved 1114112K
  class space    used 8967K, committed 9280K, reserved 1048576K
}
Event: 8.016 GC heap after
{Heap after GC invocations=13 (full 0):
 garbage-first heap   total 83968K, used 30720K [0x0000000092600000, 0x0000000100000000)
  region size 1024K, 7 young (7168K), 7 survivors (7168K)
 Metaspace       used 62679K, committed 63424K, reserved 1114112K
  class space    used 8967K, committed 9280K, reserved 1048576K
}
Event: 164.112 GC heap before
{Heap before GC invocations=13 (full 0):
 garbage-first heap   total 83968K, used 61440K [0x0000000092600000, 0x0000000100000000)
  region size 1024K, 39 young (39936K), 7 survivors (7168K)
 Metaspace       used 67220K, committed 68032K, reserved 1114112K
  class space    used 9601K, committed 9984K, reserved 1048576K
}

